# JRE version: Java(TM) SE Runtime Environment (8.0_05-b13) (build 1.8.0_05-b13)
# Java VM: Java HotSpot(TM) 64-Bit Server VM (25.5-b02 mixed mode windows-amd64 compressed oops)
Heap:
 def new generation   total 117504K, used 9259K [0x00000000a2400000, 0x00000000aa370000, 0x00000000c1800000)
  eden space 104512K,   3% used [0x00000000a2400000, 0x00000000a27c9a78, 0x00000000a8a10000)
  from space 12992K,  41% used [0x00000000a8a10000, 0x00000000a8f51518, 0x00000000a96c0000)
  to   space 12992K,   0% used [0x00000000a96c0000, 0x00000000a96c0000, 0x00000000aa370000)
 tenured generation   total 260864K, used 50470K [0x00000000c1800000, 0x00000000d16c0000, 0x0000000100000000)
   the space 260864K,  19% used [0x00000000c1800000, 0x00000000c4949b80, 0x00000000c4949c00, 0x00000000d16c0000)
 Metaspace       used 47870K, capacity 48920K, committed 49260K, reserved 1091584K
  class space    used 6717K, capacity 6930K, committed 7020K, reserved 1048576K
GC Heap History (10 events):
Event: 179.526 GC heap before
{Heap before GC invocations=153 (full 2):
 def new generation   total 117504K, used 111673K [0x00000000a2400000, 0x00000000aa370000, 0x00000000c1800000)
  eden space 104512K, 100% used [0x00000000a2400000, 0x00000000a8a10000, 0x00000000a8a10000)
  from space 12992K,  55% used [0x00000000a96c0000, 0x00000000a9dbe7a8, 0x00000000aa370000)
  to   space 12992K,   0% used [0x00000000a8a10000, 0x00000000a8a10000, 0x00000000a96c0000)
 tenured generation   total 260864K, used 45497K [0x00000000c1800000, 0x00000000d16c0000, 0x0000000100000000)
   the space 260864K,  17% used [0x00000000c1800000, 0x00000000c446e740, 0x00000000c446e800, 0x00000000d16c0000)
 Metaspace       used 46988K, capacity 48078K, committed 48108K, reserved 1091584K
  class space    used 6687K, capacity 6891K, committed 6892K, reserved 1048576K
Event: 179.540 GC heap after
Heap after GC invocations=154 (full 2):
 def new generation   total 117504K, used 8042K [0x00000000a2400000, 0x00000000aa370000, 0x00000000c1800000)
  eden space 104512K,   0% used [0x00000000a2400000, 0x00000000a2400000, 0x00000000a8a10000)
  from space 12992K,  61% used [0x00000000a8a10000, 0x00000000a91ea938, 0x00000000a96c0000)
  to   space 12992K,   0% used [0x00000000a96c0000, 0x00000000a96c0000, 0x00000000aa370000)
 tenured generation   total 260864K, used 48506K [0x00000000c1800000, 0x00000000d16c0000, 0x0000000100000000)
   the space 260864K,  18% used [0x00000000c1800000, 0x00000000c475e888, 0x00000000c475ea00, 0x00000000d16c0000)
 Metaspace       used 46988K, capacity 48078K, committed 48108K, reserved 1091584K
  class space    used 6687K, capacity 6891K, committed 6892K, reserved 1048576K
}
Event: 196.625 GC heap before
{Heap before GC invocations=154 (full 2):
 def new generation   total 117504K, used 112554K [0x00000000a2400000, 0x00000000aa370000, 0x00000000c1800000)
  eden space 104512K, 100% used [0x00000000a2400000, 0x00000000a8a10000, 0x00000000a8a10000)
  from space 12992K,  61% used [0x00000000a8a10000, 0x00000000a91ea938, 0x00000000a96c0000)
  to   space 12992K,   0% used [0x00000000a96c0000, 0x00000000a96c0000, 0x00000000aa370000)
 tenured generation   total 260864K, used 48506K [0x00000000c1800000, 0x00000000d16c0000, 0x0000000100000000)
   the space 260864K,  18% used [0x00000000c1800000, 0x00000000c475e888, 0x00000000c475ea00, 0x00000000d16c0000)
 Metaspace       used 47518K, capacity 48600K, committed 48748K, reserved 1091584K
  class space    used 6713K, capacity 6930K, committed 7020K, reserved 1048576K
Event: 196.637 GC heap after
Heap after GC invocations=155 (full 2):
 def new generation   total 117504K, used 4735K [0x00000000a2400000, 0x00000000aa370000, 0x00000000c1800000)
  eden space 104512K,   0% used [0x00000000a2400000, 0x00000000a2400000, 0x00000000a8a10000)
  from space 12992K,  36% used [0x00000000a96c0000, 0x00000000a9b5fc70, 0x00000000aa370000)
  to   space 12992K,   0% used [0x00000000a8a10000, 0x00000000a8a10000, 0x00000000a96c0000)
 tenured generation   total 260864K, used 50470K [0x00000000c1800000, 0x00000000d16c0000, 0x0000000100000000)
   the space 260864K,  19% used [0x00000000c1800000, 0x00000000c4949b80, 0x00000000c4949c00, 0x00000000d16c0000)
 Metaspace       used 47518K, capacity 48600K, committed 48748K, reserved 1091584K
  class space    used 6713K, capacity 6930K, committed 7020K, reserved 1048576K
}
Event: 211.737 GC heap before
{Heap before GC invocations=155 (full 2):
 def new generation   total 117504K, used 109247K [0x00000000a2400000, 0x00000000aa370000, 0x00000000c1800000)
  eden space 104512K, 100% used [0x00000000a2400000, 0x00000000a8a10000, 0x00000000a8a10000)
  from space 12992K,  36% used [0x00000000a96c0000, 0x00000000a9b5fc70, 0x00000000aa370000)
  to   space 12992K,   0% used [0x00000000a8a10000, 0x00000000a8a10000, 0x00000000a96c0000)
 tenured generation   total 260864K, used 50470K [0x00000000c1800000, 0x00000000d16c0000, 0x0000000100000000)
   the space 260864K,  19% used [0x00000000c1800000, 0x00000000c4949b80, 0x00000000c4949c00, 0x00000000d16c0000)
 Metaspace       used 47615K, capacity 48664K, committed 49004K, reserved 1091584K
  class space    used 6714K, capacity 6930K, committed 7020K, reserved 1048576K
Event: 211.744 GC heap after
Heap after GC invocations=156 (full 2):
 def new generation   total 117504K, used 4257K [0x00000000a2400000, 0x00000000aa370000, 0x00000000c1800000)
  eden space 104512K,   0% used [0x00000000a2400000, 0x00000000a2400000, 0x00000000a8a10000)
  from space 12992K,  32% used [0x00000000a8a10000, 0x00000000a8e38408, 0x00000000a96c0000)
  to   space 12992K,   0% used [0x00000000a96c0000, 0x00000000a96c0000, 0x00000000aa370000)
 tenured generation   total 260864K, used 50470K [0x00000000c1800000, 0x00000000d16c0000, 0x0000000100000000)
   the space 260864K,  19% used [0x00000000c1800000, 0x00000000c4949b80, 0x00000000c4949c00, 0x00000000d16c0000)
 Metaspace       used 47615K, capacity 48664K, committed 49004K, reserved 1091584K
  class space    used 6714K, capacity 6930K, committed 7020K, reserved 1048576K
}
Event: 250.558 GC heap before
{Heap before GC invocations=156 (full 2):
 def new generation   total 117504K, used 108769K [0x00000000a2400000, 0x00000000aa370000, 0x00000000c1800000)
  eden space 104512K, 100% used [0x00000000a2400000, 0x00000000a8a10000, 0x00000000a8a10000)
  from space 12992K,  32% used [0x00000000a8a10000, 0x00000000a8e38408, 0x00000000a96c0000)
  to   space 12992K,   0% used [0x00000000a96c0000, 0x00000000a96c0000, 0x00000000aa370000)
 tenured generation   total 260864K, used 50470K [0x00000000c1800000, 0x00000000d16c0000, 0x0000000100000000)
   the space 260864K,  19% used [0x00000000c1800000, 0x00000000c4949b80, 0x00000000c4949c00, 0x00000000d16c0000)
 Metaspace       used 47745K, capacity 48792K, committed 49004K, reserved 1091584K
  class space    used 6714K, capacity 6930K, committed 7020K, reserved 1048576K
Event: 250.565 GC heap after
Heap after GC invocations=157 (full 2):
 def new generation   total 117504K, used 4723K [0x00000000a2400000, 0x00000000aa370000, 0x00000000c1800000)
  eden space 104512K,   0% used [0x00000000a2400000, 0x00000000a2400000, 0x00000000a8a10000)
  from space 12992K,  36% used [0x00000000a96c0000, 0x00000000a9b5cf80, 0x00000000aa370000)
  to   space 12992K,   0% used [0x00000000a8a10000, 0x00000000a8a10000, 0x00000000a96c0000)
 tenured generation   total 260864K, used 50470K [0x00000000c1800000, 0x00000000d16c0000, 0x0000000100000000)
   the space 260864K,  19% used [0x00000000c1800000, 0x00000000c4949b80, 0x00000000c4949c00, 0x00000000d16c0000)
 Metaspace       used 47745K, capacity 48792K, committed 49004K, reserved 1091584K
  class space    used 6714K, capacity 6930K, committed 7020K, reserved 1048576K
}
Event: 542.700 GC heap before
{Heap before GC invocations=157 (full 2):
 def new generation   total 117504K, used 109235K [0x00000000a2400000, 0x00000000aa370000, 0x00000000c1800000)
  eden space 104512K, 100% used [0x00000000a2400000, 0x00000000a8a10000, 0x00000000a8a10000)
  from space 12992K,  36% used [0x00000000a96c0000, 0x00000000a9b5cf80, 0x00000000aa370000)
  to   space 12992K,   0% used [0x00000000a8a10000, 0x00000000a8a10000, 0x00000000a96c0000)
 tenured generation   total 260864K, used 50470K [0x00000000c1800000, 0x00000000d16c0000, 0x0000000100000000)
   the space 260864K,  19% used [0x00000000c1800000, 0x00000000c4949b80, 0x00000000c4949c00, 0x00000000d16c0000)
 Metaspace       used 47868K, capacity 48920K, committed 49260K, reserved 1091584K
  class space    used 6717K, capacity 6930K, committed 7020K, reserved 1048576K
Event: 542.756 GC heap after
Heap after GC invocations=158 (full 2):
 def new generation   total 117504K, used 5381K [0x00000000a2400000, 0x00000000aa370000, 0x00000000c1800000)
  eden space 104512K,   0% used [0x00000000a2400000, 0x00000000a2400000, 0x00000000a8a10000)
  from space 12992K,  41% used [0x00000000a8a10000, 0x00000000a8f51518, 0x00000000a96c0000)
  to   space 12992K,   0% used [0x00000000a96c0000, 0x00000000a96c0000, 0x00000000aa370000)
 tenured generation   total 260864K, used 50470K [0x00000000c1800000, 0x00000000d16c0000, 0x0000000100000000)
   the space 260864K,  19% used [0x00000000c1800000, 0x00000000c4949b80, 0x00000000c4949c00, 0x00000000d16c0000)
 Metaspace       used 47868K, capacity 48920K, committed 49260K, reserved 1091584K
  class space    used 6717K, capacity 6930K, committed 7020K, reserved 1048576K
}

